<?xml version="1.0" encoding="UTF-8"?>
<!-- Generated by org.testng.reporters.JUnitReportReporter -->
<testsuite hostname="DESKTOP-EU5VLQQ" failures="0" tests="1" name="excel.Readdata" time="0.659" errors="0" timestamp="14 Jun 2021 09:24:59 GMT" skipped="0">
  <testcase classname="excel.Readdata" name="readdata" time="0.659"/>
</testsuite> <!-- excel.Readdata -->
